app/build/outputs/logs/manifest-merger-debug-report.txt
-- Merging decision tree log ---
manifest
ADDED from src\main\AndroidManifest.xml:1:1-29:12
	package
		ADDED from src\main\AndroidManifest.xml:2:5-50
		INJECTED from src\main\AndroidManifest.xml
		INJECTED from src\main\AndroidManifest.xml
	android:versionName
		INJECTED from src\main\AndroidManifest.xml
		INJECTED from src\main\AndroidManifest.xml
	xmlns:android
		ADDED from src\main\AndroidManifest.xml:1:11-69
	android:versionCode
		INJECTED from src\main\AndroidManifest.xml
		INJECTED from src\main\AndroidManifest.xml
uses-permission#android.permission.INTERNET
ADDED from src\main\AndroidManifest.xml:4:5-66
	android:name
		ADDED from src\main\AndroidManifest.xml:4:22-64
uses-permission#android.permission.ACCESS_NETWORK_STATE
ADDED from src\main\AndroidManifest.xml:5:5-78
	android:name
		ADDED from src\main\AndroidManifest.xml:5:22-76
uses-permission#android.permission.ACCESS_WIFI_STATE
ADDED from src\main\AndroidManifest.xml:6:5-75
	android:name
		ADDED from src\main\AndroidManifest.xml:6:22-73
application
ADDED from src\main\AndroidManifest.xml:9:5-28:19
MERGED from [com.android.support:design:25.3.0] AndroidManifest.xml:29:5-20
MERGED from [com.android.support:appcompat-v7:25.3.0] AndroidManifest.xml:29:5-20
MERGED from [com.android.support:animated-vector-drawable:25.3.0] AndroidManifest.xml:26:5-20
MERGED from [com.android.support:support-vector-drawable:25.3.0] AndroidManifest.xml:26:5-20
MERGED from [com.android.support:transition:25.3.0] AndroidManifest.xml:26:5-20
MERGED from [com.android.support:cardview-v7:25.3.0] AndroidManifest.xml:26:5-20
MERGED from [com.android.support:customtabs:25.3.0] AndroidManifest.xml:26:5-20
MERGED from [com.android.support:support-v4:25.3.0] AndroidManifest.xml:29:5-20
MERGED from [com.android.support:support-fragment:25.3.0] AndroidManifest.xml:29:5-20
MERGED from [com.android.support:support-media-compat:25.3.0] AndroidManifest.xml:29:5-20
MERGED from [com.android.support:support-core-ui:25.3.0] AndroidManifest.xml:29:5-20
MERGED from [com.android.support:support-core-utils:25.3.0] AndroidManifest.xml:29:5-20
MERGED from [com.android.support:support-compat:25.3.0] AndroidManifest.xml:29:5-20
	android:label
		ADDED from src\main\AndroidManifest.xml:13:9-41
	android:supportsRtl
		ADDED from src\main\AndroidManifest.xml:15:9-35
	android:roundIcon
		ADDED from src\main\AndroidManifest.xml:14:9-54
	android:allowBackup
		ADDED from src\main\AndroidManifest.xml:11:9-35
	android:icon
		ADDED from src\main\AndroidManifest.xml:12:9-43
	android:theme
		ADDED from src\main\AndroidManifest.xml:16:9-40
	android:name
		ADDED from src\main\AndroidManifest.xml:10:9-55
activity#com.nytmp.vipin.nytimesmostpopulars.articlesview.MostPopularArticlesActivity
ADDED from src\main\AndroidManifest.xml:18:9-27:20
	android:label
		ADDED from src\main\AndroidManifest.xml:20:13-45
	android:theme
		ADDED from src\main\AndroidManifest.xml:21:13-56
	android:name
		ADDED from src\main\AndroidManifest.xml:19:13-69
intent-filter#android.intent.action.MAIN+android.intent.category.LAUNCHER
ADDED from src\main\AndroidManifest.xml:22:13-26:29
action#android.intent.action.MAIN
ADDED from src\main\AndroidManifest.xml:23:17-68
	android:name
		ADDED from src\main\AndroidManifest.xml:23:25-66
category#android.intent.category.LAUNCHER
ADDED from src\main\AndroidManifest.xml:25:17-76
	android:name
		ADDED from src\main\AndroidManifest.xml:25:27-74
uses-sdk
INJECTED from src\main\AndroidManifest.xml reason: use-sdk injection requested
MERGED from [com.android.support:design:25.3.0] AndroidManifest.xml:21:5-23:62
MERGED from [com.android.support:appcompat-v7:25.3.0] AndroidManifest.xml:21:5-23:78
MERGED from [com.android.support:animated-vector-drawable:25.3.0] AndroidManifest.xml:20:5-44
MERGED from [com.android.support:support-vector-drawable:25.3.0] AndroidManifest.xml:20:5-43
MERGED from [com.android.support:transition:25.3.0] AndroidManifest.xml:20:5-44
MERGED from [com.android.support:recyclerview-v7:25.3.0] AndroidManifest.xml:20:5-43
MERGED from [com.android.support:cardview-v7:25.3.0] AndroidManifest.xml:20:5-43
MERGED from [io.reactivex:rxandroid:1.2.1] AndroidManifest.xml:19:5-43
MERGED from [com.jakewharton:butterknife:8.4.0] AndroidManifest.xml:5:5-43
MERGED from [com.android.support:customtabs:25.3.0] AndroidManifest.xml:20:5-44
MERGED from [com.android.databinding:adapters:1.3.1] AndroidManifest.xml:22:5-24:41
MERGED from [com.android.databinding:library:1.3.1] AndroidManifest.xml:22:5-24:41
MERGED from [com.android.support:support-v4:25.3.0] AndroidManifest.xml:21:5-23:54
MERGED from [com.android.support:support-fragment:25.3.0] AndroidManifest.xml:21:5-23:60
MERGED from [com.android.support:support-media-compat:25.3.0] AndroidManifest.xml:21:5-23:63
MERGED from [com.android.support:support-core-ui:25.3.0] AndroidManifest.xml:21:5-23:58
MERGED from [com.android.support:support-core-utils:25.3.0] AndroidManifest.xml:21:5-23:61
MERGED from [com.android.support:support-compat:25.3.0] AndroidManifest.xml:21:5-23:58
	tools:overrideLibrary
		ADDED from [com.android.support:design:25.3.0] AndroidManifest.xml:23:9-59
	android:targetSdkVersion
		INJECTED from src\main\AndroidManifest.xml
		INJECTED from src\main\AndroidManifest.xml
	android:minSdkVersion
		INJECTED from src\main\AndroidManifest.xml
		INJECTED from src\main\AndroidManifest.xml
meta-data#android.support.VERSION
ADDED from [com.android.support:design:25.3.0] AndroidManifest.xml:25:5-27:34
MERGED from [com.android.support:appcompat-v7:25.3.0] AndroidManifest.xml:25:5-27:34
MERGED from [com.android.support:animated-vector-drawable:25.3.0] AndroidManifest.xml:22:5-24:34
MERGED from [com.android.support:support-vector-drawable:25.3.0] AndroidManifest.xml:22:5-24:34
MERGED from [com.android.support:transition:25.3.0] AndroidManifest.xml:22:5-24:34
MERGED from [com.android.support:recyclerview-v7:25.3.0] AndroidManifest.xml:22:5-24:34
MERGED from [com.android.support:cardview-v7:25.3.0] AndroidManifest.xml:22:5-24:34
MERGED from [com.android.support:customtabs:25.3.0] AndroidManifest.xml:22:5-24:34
MERGED from [com.android.support:support-v4:25.3.0] AndroidManifest.xml:25:5-27:34
MERGED from [com.android.support:support-fragment:25.3.0] AndroidManifest.xml:25:5-27:34
MERGED from [com.android.support:support-media-compat:25.3.0] AndroidManifest.xml:25:5-27:34
MERGED from [com.android.support:support-core-ui:25.3.0] AndroidManifest.xml:25:5-27:34
MERGED from [com.android.support:support-core-utils:25.3.0] AndroidManifest.xml:25:5-27:34
MERGED from [com.android.support:support-compat:25.3.0] AndroidManifest.xml:25:5-27:34
	android:value
		ADDED from [com.android.support:design:25.3.0] AndroidManifest.xml:27:9-31
	android:name
		ADDED from [com.android.support:design:25.3.0] AndroidManifest.xml:26:9-47